"../../../../../../Users/sandr/Documents/Unreal Projects/MorphBall_01/Content/StarterContent/Audio/Collapse01.uasset" 0
"../../../../../../Users/sandr/Documents/Unreal Projects/MorphBall_01/Content/StarterContent/Audio/Collapse02.uasset" 1
"../../../../../../Users/sandr/Documents/Unreal Projects/MorphBall_01/Content/StarterContent/Audio/Fire01.uasset" 2
"../../../../../../Users/sandr/Documents/Unreal Projects/MorphBall_01/Content/StarterContent/Audio/Fire_Sparks01.uasset" 3
"../../../../../../Users/sandr/Documents/Unreal Projects/MorphBall_01/Content/StarterContent/Audio/Smoke01.uasset" 4
"../../../../../../Users/sandr/Documents/Unreal Projects/MorphBall_01/Content/StarterContent/Audio/Starter_Birds01.uasset" 5
"../../../../../../Users/sandr/Documents/Unreal Projects/MorphBall_01/Content/StarterContent/Audio/Starter_Music01.uasset" 6
"../../../../../../Users/sandr/Documents/Unreal Projects/MorphBall_01/Content/StarterContent/Audio/Starter_Wind05.uasset" 7
"../../../../../../Users/sandr/Documents/Unreal Projects/MorphBall_01/Content/StarterContent/Audio/Starter_Wind06.uasset" 8
"../../../../../../Users/sandr/Documents/Unreal Projects/MorphBall_01/Content/StarterContent/Audio/Steam01.uasset" 9
"../../../Engine/Content/EngineMaterials/T_Default_Material_Grid_N.uasset" 10
"../../../Engine/Content/EngineMaterials/T_Default_Material_Grid_M.uasset" 11
"../../../Engine/Content/Functions/Engine_MaterialFunctions01/Opacity/CameraDepthFade.uasset" 12
"../../../Engine/Content/EngineMaterials/WorldGridMaterial.uasset" 13
"../../../Engine/Content/ArtTools/RenderToTexture/Meshes/S_1_Unit_Plane.uasset" 14
"../../../Engine/Content/EngineMaterials/DefaultMaterial.uasset" 15
"../../../Engine/Content/BasicShapes/Cone.uasset" 16
"../../../Engine/Content/BasicShapes/Plane.uasset" 17
"../../../Engine/Content/BasicShapes/Sphere.uasset" 18
"../../../Engine/Content/EditorLandscapeResources/DataLayer.uasset" 19
"../../../Engine/Content/EditorLandscapeResources/DefaultAlphaTexture.uasset" 20
"../../../Engine/Content/EditorMaterials/MAT_Groups_Toggle.uasset" 21
"../../../Engine/Content/EditorMaterials/MAT_Groups_Visibility.uasset" 22
"../../../Engine/Content/EditorMaterials/PreviewShadowIndicator.uasset" 23
"../../../Engine/Content/EditorMaterials/PreviewShadowIndicatorMaterial.uasset" 24
"../../../Engine/Content/EditorMaterials/MatineeGroups/MAT_ColorTrack.uasset" 25
"../../../Engine/Content/EditorMaterials/MatineeGroups/MAT_Groups_Anim.uasset" 26
"../../../Engine/Content/EditorMaterials/MatineeGroups/MAT_Groups_AudioMaster.uasset" 27
"../../../Engine/Content/EditorMaterials/MatineeGroups/MAT_Groups_Director.uasset" 28
"../../../Engine/Content/EditorMaterials/MatineeGroups/MAT_Groups_Event.uasset" 29
"../../../Engine/Content/EditorMaterials/MatineeGroups/MAT_Groups_Fade.uasset" 30
"../../../Engine/Content/EditorMaterials/MatineeGroups/MAT_Groups_Float.uasset" 31
"../../../Engine/Content/EditorMaterials/MatineeGroups/MAT_Groups_Move.uasset" 32
"../../../Engine/Content/EditorMaterials/MatineeGroups/MAT_Groups_Slomo.uasset" 33
"../../../Engine/Content/EditorMaterials/MatineeGroups/MAT_Groups_Sound.uasset" 34
"../../../Engine/Content/EditorMaterials/MatineeGroups/MAT_Groups_Vector.uasset" 35
"../../../Engine/Content/EditorMaterials/ParticleSystems/PSysThumbnail_NoImage.uasset" 36
"../../../Engine/Content/EditorMaterials/ParticleSystems/PSysThumbnail_OOD.uasset" 37
"../../../Engine/Content/EditorMaterials/Camera/CineMat.uasset" 38
"../../../Engine/Content/EditorMaterials/Camera/MI_CineMat_Rig.uasset" 39
"../../../Engine/Content/EditorMeshes/Camera/SM_CraneRig_Arm.uasset" 40
"../../../Engine/Content/EditorMeshes/Camera/SM_CraneRig_Base.uasset" 41
"../../../Engine/Content/EditorMeshes/Camera/SM_CraneRig_Body.uasset" 42
"../../../Engine/Content/EditorMeshes/Camera/SM_CraneRig_Mount.uasset" 43
"../../../Engine/Content/EditorMeshes/Camera/SM_RailRig_Mount.uasset" 44
"../../../Engine/Content/EditorMeshes/Camera/SM_RailRig_Track.uasset" 45
"../../../Engine/Content/EditorResources/BSPVertex.uasset" 46
"../../../Engine/Content/EditorResources/EmptyActor.uasset" 47
"../../../Engine/Content/EditorResources/S_Actor.uasset" 48
"../../../Engine/Content/EditorResources/S_Note.uasset" 49
"../../../Engine/Content/EditorResources/S_Solver.uasset" 50
"../../../Engine/Content/EditorResources/S_Terrain.uasset" 51
"../../../Engine/Content/EditorResources/S_Trigger.uasset" 52
"../../../Engine/Content/EditorResources/AudioIcons/S_AudioComponent.uasset" 53
"../../../Engine/Content/EditorResources/AudioIcons/S_AudioComponent_AutoActivate.uasset" 54
"../../../Engine/Content/EditorResources/LightIcons/S_LightError.uasset" 55
"../../../Engine/Content/EditorResources/SequenceRecorder/Countdown.uasset" 56
"../../../Engine/Content/EditorResources/SequenceRecorder/RecordingIndicator.uasset" 57
"../../../Engine/Content/EngineDamageTypes/DmgTypeBP_Environmental.uasset" 58
"../../../Engine/Content/EngineDebugMaterials/DebugEditorMaterial.uasset" 59
"../../../Engine/Content/EngineDebugMaterials/DebugMeshMaterial.uasset" 60
"../../../Engine/Content/EngineDebugMaterials/M_SimpleUnlitTranslucent.uasset" 61
"../../../Engine/Content/EngineDebugMaterials/VolumeToRender.uasset" 62
"../../../Engine/Content/Functions/Engine_MaterialFunctions02/Utility/CameraDirectionVector.uasset" 63
"../../../Engine/Content/EngineDebugMaterials/M_VolumeRenderSphereTracePP.uasset" 64
"../../../Engine/Content/Functions/Engine_MaterialFunctions01/Shading/ConvertFromDiffSpec.uasset" 65
"../../../Engine/Content/EngineDebugMaterials/VertexColorMaterial.uasset" 66
"../../../Engine/Content/EngineDebugMaterials/WireframeMaterial.uasset" 67
"../../../Engine/Content/EngineFonts/Faces/RobotoRegular.uasset" 68
"../../../Engine/Content/EngineFonts/Faces/RobotoLight.uasset" 69
"../../../Engine/Content/EngineFonts/Faces/RobotoItalic.uasset" 70
"../../../Engine/Content/EngineFonts/Faces/RobotoBoldItalic.uasset" 71
"../../../Engine/Content/EngineFonts/Faces/RobotoBold.uasset" 72
"../../../Engine/Content/EngineFonts/Faces/DroidSansFallback.uasset" 73
"../../../Engine/Content/EngineFonts/Roboto.uasset" 74
"../../../Engine/Content/EngineMaterials/BaseFlattenNormalMap.uasset" 75
"../../../Engine/Content/EngineMaterials/BaseFlattenGrayscaleMap.uasset" 76
"../../../Engine/Content/EngineMaterials/BaseFlattenEmissiveMap.uasset" 77
"../../../Engine/Content/EngineMaterials/BaseFlattenDiffuseMap.uasset" 78
"../../../Engine/Content/EngineMaterials/BaseFlattenMaterial.uasset" 79
"../../../Engine/Content/EngineMaterials/BlueNoise.uasset" 80
"../../../Engine/Content/EngineMaterials/DefaultBloomKernel.uasset" 81
"../../../Engine/Content/EngineMaterials/DefaultBokeh.uasset" 82
"../../../Engine/Content/EngineMaterials/DefaultDiffuse.uasset" 83
"../../../Engine/Content/EngineMaterials/DefaultDeferredDecalMaterial.uasset" 84
"../../../Engine/Content/EngineMaterials/DefaultLightFunctionMaterial.uasset" 85
"../../../Engine/Content/EngineMaterials/DefaultPhysicalMaterial.uasset" 86
"../../../Engine/Content/Functions/Engine_MaterialFunctions02/Utility/BreakOutFloat2Components.uasset" 87
"../../../Engine/Content/EngineMaterials/DefaultPostProcessMaterial.uasset" 88
"../../../Engine/Content/EngineFonts/RobotoDistanceField.uasset" 89
"../../../Engine/Content/EngineMaterials/DefaultTextMaterialOpaque.uasset" 90
"../../../Engine/Content/EngineMaterials/DefaultWhiteGrid.uasset" 91
"../../../Engine/Content/EngineMaterials/DefaultWhiteGrid_Low.uasset" 92
"../../../Engine/Content/EngineMaterials/EmissiveMeshMaterial.uasset" 93
"../../../Engine/Content/EngineMaterials/GizmoMaterial.uasset" 94
"../../../Engine/Content/EngineMaterials/Good64x64TilingNoiseHighFreq.uasset" 95
"../../../Engine/Content/EngineMaterials/MiniFont.uasset" 96
"../../../Engine/Content/EngineMaterials/InvalidLightmapSettings.uasset" 97
"../../../Engine/Content/EngineMaterials/M_InvalidLightmapSettings.uasset" 98
"../../../Engine/Content/Functions/Engine_MaterialFunctions02/WorldPositionOffset/CameraOffset.uasset" 99
"../../../Engine/Content/EngineMaterials/PhAT_JointLimitMaterial.uasset" 100
"../../../Engine/Content/EngineMaterials/PreintegratedSkinBRDF.uasset" 101
"../../../Engine/Content/EngineMaterials/RemoveSurfaceMaterial.uasset" 102
"../../../Engine/Content/EngineMaterials/WeightMapPlaceholderTexture.uasset" 103
"../../../Engine/Content/EngineResources/WhiteSquareTexture.uasset" 104
"../../../Engine/Content/EngineMaterials/Widget3DPassThrough.uasset" 105
"../../../Engine/Content/EngineMaterials/Widget3DPassThrough_Masked.uasset" 106
"../../../Engine/Content/EngineMaterials/Widget3DPassThrough_Opaque.uasset" 107
"../../../Engine/Content/EngineMaterials/Widget3DPassThrough_Masked_OneSided.uasset" 108
"../../../Engine/Content/EngineMaterials/Widget3DPassThrough_Opaque_OneSided.uasset" 109
"../../../Engine/Content/EngineMaterials/Widget3DPassThrough_Translucent.uasset" 110
"../../../Engine/Content/EngineMaterials/Widget3DPassThrough_Translucent_OneSided.uasset" 111
"../../../Engine/Content/EngineMeshes/Cylinder.uasset" 112
"../../../Engine/Content/EngineMeshes/Sphere.uasset" 113
"../../../Engine/Content/EngineResources/Black.uasset" 114
"../../../Engine/Content/EngineResources/DefaultTextureCube.uasset" 115
"../../../Engine/Content/EngineResources/DefaultVolumeTexture2D.uasset" 116
"../../../Engine/Content/EngineResources/DefaultVolumeTexture.uasset" 117
"../../../Engine/Content/EngineResources/GradientTexture0.uasset" 118
"../../../Engine/Content/EngineSky/VolumetricClouds/T_NoiseShape64.uasset" 119
"../../../Engine/Content/EngineSky/VolumetricClouds/T_VolumeNoiseShape64.uasset" 120
"../../../Engine/Content/EngineSky/VolumetricClouds/T_NoiseErosion.uasset" 121
"../../../Engine/Content/EngineSky/VolumetricClouds/T_VolumeNoiseErosion32.uasset" 122
"../../../Engine/Content/EngineSky/VolumetricClouds/CloudWeatherTexture.uasset" 123
"../../../Engine/Content/EngineSky/VolumetricClouds/CloudGradientTexture.uasset" 124
"../../../Engine/Content/Functions/Engine_MaterialFunctions02/Utility/MakeFloat2.uasset" 125
"../../../Engine/Content/EngineSky/VolumetricClouds/m_SimpleVolumetricCloud.uasset" 126
"../../../Engine/Content/EngineSky/VolumetricClouds/m_SimpleVolumetricCloud_Inst.uasset" 127
"../../../Engine/Content/EngineSounds/Master.uasset" 128
"../../../Engine/Content/Functions/Engine_MaterialFunctions01/Shading/PowerToRoughness.uasset" 129
"../../../Engine/Content/Maps/Templates/Thumbnails/Default.uasset" 130
"../../../Engine/Content/Maps/Templates/Thumbnails/TimeOfDay.uasset" 131
"../../../Engine/Content/Maps/Templates/Thumbnails/VR-Basic.uasset" 132
"../../../Engine/Content/MobileResources/T_MobileControls_texture.uasset" 133
"../../../Engine/Content/MobileResources/T_MobileMenu2.uasset" 134
"../../../Engine/Content/MobileResources/HUD/AnalogHat.uasset" 135
"../../../Engine/Content/MobileResources/HUD/VirtualJoystick_Thumb.uasset" 136
"../../../Engine/Content/MobileResources/HUD/VirtualJoystick_Background.uasset" 137
"../../../Engine/Content/MobileResources/HUD/DefaultVirtualJoysticks.uasset" 138
"../../../Engine/Content/MobileResources/HUD/LeftVirtualJoystickOnly.uasset" 139
"../../../Engine/Content/MobileResources/HUD/MobileHUDButton1_off.uasset" 140
"../../../Engine/Content/MobileResources/HUD/MobileHUDButton1_on.uasset" 141
"../../../Engine/Content/MobileResources/HUD/MobileHUDButton2_off.uasset" 142
"../../../Engine/Content/MobileResources/HUD/MobileHUDButton2_on.uasset" 143
"../../../Engine/Content/MobileResources/HUD/MobileHUDButton3.uasset" 144
"../../../Engine/Content/MobileResources/HUD/MobileHUDButtonFire.uasset" 145
"../../../Engine/Content/MobileResources/HUD/MobileHUDDirectionPad.uasset" 146
"../../../Engine/Content/MobileResources/HUD/MobileHUDDirectionPad2.uasset" 147
"../../../Engine/Content/MobileResources/HUD/MobileHUDDirectionPad3.uasset" 148
"../../../Engine/Content/MobileResources/HUD/MobileHUDDirectionStick.uasset" 149
"../../../Engine/Content/MobileResources/HUD/T_Castle_ThumbstickInner.uasset" 150
"../../../Engine/Content/MobileResources/HUD/T_Castle_ThumbstickOutter.uasset" 151
"../../../Engine/Content/Tutorial/ContentIntroCurve.uasset" 152
"../../../Engine/Content/Tutorial/Basics/LevelEditorAttract.uasset" 153
"../../../Engine/Content/Tutorial/Basics/TutorialAssets/icon_tab_Levels_40x.uasset" 154
"../../../Engine/Content/Tutorial/Basics/LevelEditorOverview.uasset" 155
"../../../Engine/Content/Tutorial/BlueprintTutorials/TutorialAssets/Blueprint_64x.uasset" 156
"../../../Engine/Content/Tutorial/BlueprintTutorials/BlueprintEditorTutorial.uasset" 157
"../../../Engine/Content/Tutorial/BlueprintTutorials/LevelBlueprintEditorOverview.uasset" 158
"../../../Engine/Content/Tutorial/Installation/InstallingVisualStudioTutorial.uasset" 159
"../../../Engine/Content/VREditor/TransformGizmo/TranslucentTransformGizmoMaterial.uasset" 160
"../../../Engine/Content/VREditor/LaserPointer/VR_LaserPower_01.uasset" 161
"../../../Engine/Content/VREditor/TransformGizmo/TransformGizmoMaterial.uasset" 162
"../../../Engine/Content/VREditor/TransformGizmo/BoundingBoxCorner.uasset" 163
"../../../Engine/Content/VREditor/TransformGizmo/BoundingBoxEdge.uasset" 164
"../../../Engine/Content/VREditor/TransformGizmo/PlaneTranslationHandle.uasset" 165
"../../../Engine/Content/VREditor/TransformGizmo/Xray.uasset" 166
"../../../Engine/Content/VREditor/TransformGizmo/Main.uasset" 167
"../../../Engine/Content/VREditor/TransformGizmo/SM_Sequencer_Key.uasset" 168
"../../../Engine/Content/VREditor/TransformGizmo/SM_Sequencer_Node.uasset" 169
"../../Plugins/2D/Paper2D/Content/PlaceholderTextures/DummySpriteTexture.uasset" 170
"../../Plugins/2D/Paper2D/Content/DummySprite.uasset" 171
"../../Plugins/2D/Paper2D/Content/DefaultPaperTerrainMaterial.uasset" 172
"../../Plugins/2D/Paper2D/Content/DefaultSpriteMaterial.uasset" 173
"../../Plugins/2D/Paper2D/Content/MaskedUnlitSpriteMaterial.uasset" 174
"../../Plugins/2D/Paper2D/Content/OpaqueUnlitSpriteMaterial.uasset" 175
"../../../Engine/Content/Functions/Engine_MaterialFunctions02/ObjectLocalBounds.uasset" 176
"../../../Engine/Content/Functions/Engine_MaterialFunctions02/Utility/BreakOutFloat3Components.uasset" 177
"../../Plugins/Editor/SpeedTreeImporter/Content/SpeedTree9/UnpackInteger3.uasset" 178
"../../Plugins/Editor/SpeedTreeImporter/Content/SpeedTree9/UnpackDirection.uasset" 179
"../../Plugins/Editor/SpeedTreeImporter/Content/SpeedTree9/game_wind_noise.uasset" 180
"../../../Engine/Content/Functions/Engine_MaterialFunctions02/SafeNormalize.uasset" 181
"../../Plugins/Editor/SpeedTreeImporter/Content/SpeedTree9/SpeedTreeWindMotion.uasset" 182
"../../Plugins/Editor/SpeedTreeImporter/Content/SpeedTree9/SpeedTreeBranchMotion.uasset" 183
"../../../Engine/Content/Functions/Engine_MaterialFunctions02/UVs/BoundingBoxBased_0-1_UVW.uasset" 184
"../../Plugins/Editor/SpeedTreeImporter/Content/SpeedTree9/SpeedTreeWind.uasset" 185
"../../Plugins/Editor/SpeedTreeImporter/Content/SpeedTree9/SpeedTreeBillboard.uasset" 186
"../../../Engine/Content/EngineResources/DefaultTexture.uasset" 187
"../../Plugins/Editor/SpeedTreeImporter/Content/SpeedTree9/SpeedTreeBillboardMaster.uasset" 188
"../../Plugins/Editor/SpeedTreeImporter/Content/SpeedTree9/SpeedTreeCameraFacing.uasset" 189
"../../Plugins/Editor/SpeedTreeImporter/Content/SpeedTree9/SpeedTreeMaster.uasset" 190
"../../../Engine/Content/BasicShapes/Cylinder.uasset" 191
"../../../Engine/Content/ArtTools/RenderToTexture/Materials/Debug/M_Emissive_Color.uasset" 192
"../../Plugins/Lumin/MagicLeapPassableWorld/Content/MagicLeapARPinInfoActor.uasset" 193
"../../../Engine/Content/Functions/Engine_MaterialFunctions02/Utility/BreakOutFloat4Components.uasset" 194
"../../../Engine/Content/Functions/Engine_MaterialFunctions02/Utility/MakeFloat3.uasset" 195
"../../Plugins/Runtime/Oculus/OculusVR/Content/Materials/OculusMR_ChromaKey.uasset" 196
"../../Plugins/Runtime/Oculus/OculusVR/Content/Materials/OculusMR_OpaqueColoredMaterial.uasset" 197
"../../Plugins/Runtime/Oculus/OculusVR/Content/Materials/PokeAHoleMaterial.uasset" 198
"../../../Engine/Content/EditorMeshes/ColorCalibrator/M_GreyBall.uasset" 199
"../../../Engine/Content/EditorMeshes/ColorCalibrator/Color_checker.uasset" 200
"../../../Engine/Content/EditorMeshes/ColorCalibrator/M_ColorGrid.uasset" 201
"../../../Engine/Content/EditorMeshes/ColorCalibrator/M_ClearCoatBlack.uasset" 202
"../../../Engine/Content/EditorMeshes/ColorCalibrator/M_ClearCoat.uasset" 203
"../../../Engine/Content/EditorMeshes/ColorCalibrator/M_ChromeBall.uasset" 204
"../../../Engine/Content/EditorMeshes/ColorCalibrator/SM_ColorCalibrator.uasset" 205
"../../../../../../Users/sandr/Documents/Unreal Projects/MorphBall_01/Content/StarterContent/Maps/Advanced_Lighting_BuiltData.uasset" 206
"../../../../../../Users/sandr/Documents/Unreal Projects/MorphBall_01/Content/StarterContent/HDRI/HDRI_Epic_Courtyard_Daylight.uasset" 207
"../../../Engine/Content/MapTemplates/Sky/DaylightAmbientCubemap.uasset" 208
"../../../../../../Users/sandr/Documents/Unreal Projects/MorphBall_01/Content/StarterContent/Blueprints/Assets/M_LightStage_Skybox_Master.uasset" 209
"../../../../../../Users/sandr/Documents/Unreal Projects/MorphBall_01/Content/StarterContent/Blueprints/Assets/M_LightStage_Skybox_HDRI.uasset" 210
"../../../../../../Users/sandr/Documents/Unreal Projects/MorphBall_01/Content/StarterContent/Blueprints/Assets/M_LightStage_Arrows.uasset" 211
"../../../../../../Users/sandr/Documents/Unreal Projects/MorphBall_01/Content/StarterContent/Blueprints/Assets/SM_Arrows.uasset" 212
"../../../Engine/Content/EditorMaterials/Thumbnails/SkySphereMaterial.uasset" 213
"../../../../../../Users/sandr/Documents/Unreal Projects/MorphBall_01/Content/StarterContent/Blueprints/Assets/Skybox.uasset" 214
"../../../../../../Users/sandr/Documents/Unreal Projects/MorphBall_01/Content/StarterContent/Blueprints/Assets/SunlightColorLUT.uasset" 215
"../../../../../../Users/sandr/Documents/Unreal Projects/MorphBall_01/Content/StarterContent/Blueprints/Assets/FogBrightnessLUT.uasset" 216
"../../../../../../Users/sandr/Documents/Unreal Projects/MorphBall_01/Content/StarterContent/Blueprints/Assets/M_LightStage_Skybox_Black.uasset" 217
"../../../../../../Users/sandr/Documents/Unreal Projects/MorphBall_01/Content/StarterContent/Blueprints/BP_LightStudio.uasset" 218
"../../../../../../Users/sandr/Documents/Unreal Projects/MorphBall_01/Content/StarterContent/Materials/M_AssetPlatform.uasset" 219
"../../../../../../Users/sandr/Documents/Unreal Projects/MorphBall_01/Content/StarterContent/Architecture/SM_AssetPlatform.uasset" 220
"../../../../../../Users/sandr/Documents/Unreal Projects/MorphBall_01/Content/StarterContent/Maps/Advanced_Lighting.umap" 221
"../../../../../../Users/sandr/Documents/Unreal Projects/MorphBall_01/Content/StarterContent/Textures/T_TableRound_N.uasset" 222
"../../../../../../Users/sandr/Documents/Unreal Projects/MorphBall_01/Content/StarterContent/Textures/T_TableRound_M.uasset" 223
"../../../../../../Users/sandr/Documents/Unreal Projects/MorphBall_01/Content/StarterContent/Props/Materials/M_TableRound.uasset" 224
"../../../../../../Users/sandr/Documents/Unreal Projects/MorphBall_01/Content/StarterContent/Props/SM_TableRound.uasset" 225
"../../../../../../Users/sandr/Documents/Unreal Projects/MorphBall_01/Content/StarterContent/Textures/T_Statue_N.uasset" 226
"../../../../../../Users/sandr/Documents/Unreal Projects/MorphBall_01/Content/StarterContent/Textures/T_Statue_M.uasset" 227
"../../../../../../Users/sandr/Documents/Unreal Projects/MorphBall_01/Content/StarterContent/Props/Materials/M_Statue.uasset" 228
"../../../../../../Users/sandr/Documents/Unreal Projects/MorphBall_01/Content/StarterContent/Props/Materials/M_StatueGlass.uasset" 229
"../../../../../../Users/sandr/Documents/Unreal Projects/MorphBall_01/Content/StarterContent/Props/SM_Statue.uasset" 230
"../../../../../../Users/sandr/Documents/Unreal Projects/MorphBall_01/Content/StarterContent/Textures/T_Chair_N.uasset" 231
"../../../../../../Users/sandr/Documents/Unreal Projects/MorphBall_01/Content/StarterContent/Textures/T_Chair_M.uasset" 232
"../../../../../../Users/sandr/Documents/Unreal Projects/MorphBall_01/Content/StarterContent/Props/Materials/M_Chair.uasset" 233
"../../../../../../Users/sandr/Documents/Unreal Projects/MorphBall_01/Content/StarterContent/Props/SM_Chair.uasset" 234
"../../../../../../Users/sandr/Documents/Unreal Projects/MorphBall_01/Content/StarterContent/Textures/T_Metal_Copper_D.uasset" 235
"../../../../../../Users/sandr/Documents/Unreal Projects/MorphBall_01/Content/StarterContent/Textures/T_Metal_Gold_N.uasset" 236
"../../../../../../Users/sandr/Documents/Unreal Projects/MorphBall_01/Content/StarterContent/Textures/T_MacroVariation.uasset" 237
"../../../../../../Users/sandr/Documents/Unreal Projects/MorphBall_01/Content/StarterContent/Materials/M_Metal_Copper.uasset" 238
"../../../../../../Users/sandr/Documents/Unreal Projects/MorphBall_01/Content/StarterContent/Textures/T_Metal_Aluminum_D.uasset" 239
"../../../../../../Users/sandr/Documents/Unreal Projects/MorphBall_01/Content/StarterContent/Materials/M_Metal_Burnished_Steel.uasset" 240
"../../../../../../Users/sandr/Documents/Unreal Projects/MorphBall_01/Content/StarterContent/Materials/M_Metal_Brushed_Nickel.uasset" 241
"../../../Engine/Content/EngineSky/T_Sky_Stars.uasset" 242
"../../../Engine/Content/EngineSky/T_Sky_Clouds_M.uasset" 243
"../../../Engine/Content/EngineSky/T_Sky_Blue.uasset" 244
"../../../Engine/Content/EngineSky/M_Sky_Panning_Clouds2.uasset" 245
"../../../../../../Users/sandr/Documents/Unreal Projects/MorphBall_01/Content/StarterContent/Maps/Minimal_Default_BuiltData.uasset" 246
"../../../Engine/Content/EngineSky/SM_SkySphere.uasset" 247
"../../../Engine/Content/EngineSky/C_Sky_Zenith_Color.uasset" 248
"../../../Engine/Content/EngineSky/C_Sky_Horizon_Color.uasset" 249
"../../../Engine/Content/EngineSky/C_Sky_Cloud_Color.uasset" 250
"../../../Engine/Content/EditorBlueprintResources/StandardMacros.uasset" 251
"../../../Engine/Content/EngineSky/BP_Sky_Sphere.uasset" 252
"../../../../../../Users/sandr/Documents/Unreal Projects/MorphBall_01/Content/StarterContent/Audio/Starter_Background_Cue.uasset" 253
"../../../../../../Users/sandr/Documents/Unreal Projects/MorphBall_01/Content/StarterContent/Materials/M_Basic_Floor.uasset" 254
"../../../../../../Users/sandr/Documents/Unreal Projects/MorphBall_01/Content/StarterContent/Architecture/Floor_400x400.uasset" 255
"../../../../../../Users/sandr/Documents/Unreal Projects/MorphBall_01/Content/StarterContent/Maps/Minimal_Default.umap" 256
"../../../../../../Users/sandr/Documents/Unreal Projects/MorphBall_01/Content/StarterContent/Materials/M_Basic_Wall.uasset" 257
"../../../../../../Users/sandr/Documents/Unreal Projects/MorphBall_01/Content/StarterContent/Shapes/Shape_Sphere.uasset" 258
"../../../../../../Users/sandr/Documents/Unreal Projects/MorphBall_01/Content/StarterContent/Shapes/Shape_QuadPyramid.uasset" 259
"../../../../../../Users/sandr/Documents/Unreal Projects/MorphBall_01/Content/StarterContent/Shapes/Shape_Cube.uasset" 260
"../../../../../../Users/sandr/Documents/Unreal Projects/MorphBall_01/Content/StarterContent/Textures/T_Frame_N.uasset" 261
"../../../../../../Users/sandr/Documents/Unreal Projects/MorphBall_01/Content/StarterContent/Textures/T_Frame_M.uasset" 262
"../../../../../../Users/sandr/Documents/Unreal Projects/MorphBall_01/Content/StarterContent/Props/Materials/M_Frame.uasset" 263
"../../../../../../Users/sandr/Documents/Unreal Projects/MorphBall_01/Content/StarterContent/Props/SM_WindowFrame.uasset" 264
"../../../../../../Users/sandr/Documents/Unreal Projects/MorphBall_01/Content/StarterContent/Props/SM_PillarFrame300.uasset" 265
"../../../../../../Users/sandr/Documents/Unreal Projects/MorphBall_01/Content/StarterContent/Props/SM_PillarFrame.uasset" 266
"../../../../../../Users/sandr/Documents/Unreal Projects/MorphBall_01/Content/StarterContent/Materials/M_Glass.uasset" 267
"../../../../../../Users/sandr/Documents/Unreal Projects/MorphBall_01/Content/StarterContent/Props/SM_GlassWindow.uasset" 268
"../../../../../../Users/sandr/Documents/Unreal Projects/MorphBall_01/Content/StarterContent/Props/SM_DoorFrame.uasset" 269
"../../../../../../Users/sandr/Documents/Unreal Projects/MorphBall_01/Content/StarterContent/Props/SM_CornerFrame.uasset" 270
"../../../../../../Users/sandr/Documents/Unreal Projects/MorphBall_01/Content/StarterContent/Props/MaterialSphere.uasset" 271
"../../../../../../Users/sandr/Documents/Unreal Projects/MorphBall_01/Content/StarterContent/Textures/T_Dust_Particle_D.uasset" 272
"../../../../../../Users/sandr/Documents/Unreal Projects/MorphBall_01/Content/StarterContent/Particles/Materials/M_Dust_Particle.uasset" 273
"../../../../../../Users/sandr/Documents/Unreal Projects/MorphBall_01/Content/StarterContent/Particles/P_Ambient_Dust.uasset" 274
"../../../../../../Users/sandr/Documents/Unreal Projects/MorphBall_01/Content/StarterContent/Textures/T_Wood_Walnut_N.uasset" 275
"../../../../../../Users/sandr/Documents/Unreal Projects/MorphBall_01/Content/StarterContent/Textures/T_Wood_Walnut_D.uasset" 276
"../../../../../../Users/sandr/Documents/Unreal Projects/MorphBall_01/Content/StarterContent/Materials/M_Wood_Walnut.uasset" 277
"../../../../../../Users/sandr/Documents/Unreal Projects/MorphBall_01/Content/StarterContent/Textures/T_Wood_Pine_N.uasset" 278
"../../../../../../Users/sandr/Documents/Unreal Projects/MorphBall_01/Content/StarterContent/Textures/T_Wood_Pine_D.uasset" 279
"../../../../../../Users/sandr/Documents/Unreal Projects/MorphBall_01/Content/StarterContent/Textures/T_Perlin_Noise_M.uasset" 280
"../../../../../../Users/sandr/Documents/Unreal Projects/MorphBall_01/Content/StarterContent/Materials/M_Wood_Pine.uasset" 281
"../../../../../../Users/sandr/Documents/Unreal Projects/MorphBall_01/Content/StarterContent/Textures/T_Wood_Oak_N.uasset" 282
"../../../../../../Users/sandr/Documents/Unreal Projects/MorphBall_01/Content/StarterContent/Textures/T_Wood_Oak_D.uasset" 283
"../../../../../../Users/sandr/Documents/Unreal Projects/MorphBall_01/Content/StarterContent/Materials/M_Wood_Oak.uasset" 284
"../../../Engine/Content/Functions/Engine_MaterialFunctions01/Opacity/AlphaOffset.uasset" 285
"../../../../../../Users/sandr/Documents/Unreal Projects/MorphBall_01/Content/StarterContent/Textures/T_Wood_Floor_Walnut_N.uasset" 286
"../../../../../../Users/sandr/Documents/Unreal Projects/MorphBall_01/Content/StarterContent/Textures/T_Wood_Floor_Walnut_M.uasset" 287
"../../../../../../Users/sandr/Documents/Unreal Projects/MorphBall_01/Content/StarterContent/Textures/T_Wood_Floor_Walnut_D.uasset" 288
"../../../../../../Users/sandr/Documents/Unreal Projects/MorphBall_01/Content/StarterContent/Materials/M_Wood_Floor_Walnut_Worn.uasset" 289
"../../../../../../Users/sandr/Documents/Unreal Projects/MorphBall_01/Content/StarterContent/Materials/M_Wood_Floor_Walnut_Polished.uasset" 290
"../../../../../../Users/sandr/Documents/Unreal Projects/MorphBall_01/Content/StarterContent/Textures/T_Water_M.uasset" 291
"../../../../../../Users/sandr/Documents/Unreal Projects/MorphBall_01/Content/StarterContent/Textures/T_Water_N.uasset" 292
"../../../Engine/Content/Functions/Engine_MaterialFunctions02/Utility/BlendAngleCorrectedNormals.uasset" 293
"../../../../../../Users/sandr/Documents/Unreal Projects/MorphBall_01/Content/StarterContent/Materials/M_Water_Ocean.uasset" 294
"../../../../../../Users/sandr/Documents/Unreal Projects/MorphBall_01/Content/StarterContent/Materials/M_Water_Lake.uasset" 295
"../../../../../../Users/sandr/Documents/Unreal Projects/MorphBall_01/Content/StarterContent/Textures/T_Tech_Panel_N.uasset" 296
"../../../../../../Users/sandr/Documents/Unreal Projects/MorphBall_01/Content/StarterContent/Textures/T_Tech_Panel_M.uasset" 297
"../../../../../../Users/sandr/Documents/Unreal Projects/MorphBall_01/Content/StarterContent/Textures/T_Metal_Steel_D.uasset" 298
"../../../../../../Users/sandr/Documents/Unreal Projects/MorphBall_01/Content/StarterContent/Materials/M_Tech_Panel.uasset" 299
"../../../../../../Users/sandr/Documents/Unreal Projects/MorphBall_01/Content/StarterContent/Textures/T_Tech_Hex_Tile_N.uasset" 300
"../../../../../../Users/sandr/Documents/Unreal Projects/MorphBall_01/Content/StarterContent/Textures/T_Tech_Hex_Tile_M.uasset" 301
"../../../../../../Users/sandr/Documents/Unreal Projects/MorphBall_01/Content/StarterContent/Materials/M_Tech_Hex_Tile_Pulse.uasset" 302
"../../../../../../Users/sandr/Documents/Unreal Projects/MorphBall_01/Content/StarterContent/Materials/M_Tech_Hex_Tile.uasset" 303
"../../../../../../Users/sandr/Documents/Unreal Projects/MorphBall_01/Content/StarterContent/Textures/T_Tech_Dot_N.uasset" 304
"../../../../../../Users/sandr/Documents/Unreal Projects/MorphBall_01/Content/StarterContent/Textures/T_Tech_Dot_M.uasset" 305
"../../../../../../Users/sandr/Documents/Unreal Projects/MorphBall_01/Content/StarterContent/Textures/T_Single_Tile_N.uasset" 306
"../../../../../../Users/sandr/Documents/Unreal Projects/MorphBall_01/Content/StarterContent/Textures/T_Checker_Noise_M.uasset" 307
"../../../../../../Users/sandr/Documents/Unreal Projects/MorphBall_01/Content/StarterContent/Materials/M_Tech_Checker_Dot.uasset" 308
"../../../../../../Users/sandr/Documents/Unreal Projects/MorphBall_01/Content/StarterContent/Textures/T_Rock_Slate_N.uasset" 309
"../../../../../../Users/sandr/Documents/Unreal Projects/MorphBall_01/Content/StarterContent/Textures/T_Rock_Slate_D.uasset" 310
"../../../../../../Users/sandr/Documents/Unreal Projects/MorphBall_01/Content/StarterContent/Materials/M_Rock_Slate.uasset" 311
"../../../../../../Users/sandr/Documents/Unreal Projects/MorphBall_01/Content/StarterContent/Textures/T_Rock_Sandstone_N.uasset" 312
"../../../../../../Users/sandr/Documents/Unreal Projects/MorphBall_01/Content/StarterContent/Textures/T_Rock_Sandstone_D.uasset" 313
"../../../../../../Users/sandr/Documents/Unreal Projects/MorphBall_01/Content/StarterContent/Materials/M_Rock_Sandstone.uasset" 314
"../../../../../../Users/sandr/Documents/Unreal Projects/MorphBall_01/Content/StarterContent/Textures/T_Rock_Marble_Polished_D.uasset" 315
"../../../../../../Users/sandr/Documents/Unreal Projects/MorphBall_01/Content/StarterContent/Materials/M_Rock_Marble_Polished.uasset" 316
"../../../../../../Users/sandr/Documents/Unreal Projects/MorphBall_01/Content/StarterContent/Textures/T_Rock_Basalt_N.uasset" 317
"../../../../../../Users/sandr/Documents/Unreal Projects/MorphBall_01/Content/StarterContent/Textures/T_Rock_Basalt_D.uasset" 318
"../../../../../../Users/sandr/Documents/Unreal Projects/MorphBall_01/Content/StarterContent/Materials/M_Rock_Basalt.uasset" 319
"../../../../../../Users/sandr/Documents/Unreal Projects/MorphBall_01/Content/StarterContent/Textures/T_Metal_Steel_N.uasset" 320
"../../../../../../Users/sandr/Documents/Unreal Projects/MorphBall_01/Content/StarterContent/Materials/M_Metal_Steel.uasset" 321
"../../../../../../Users/sandr/Documents/Unreal Projects/MorphBall_01/Content/StarterContent/Textures/T_Metal_Rust_D.uasset" 322
"../../../../../../Users/sandr/Documents/Unreal Projects/MorphBall_01/Content/StarterContent/Textures/T_Metal_Rust_N.uasset" 323
"../../../../../../Users/sandr/Documents/Unreal Projects/MorphBall_01/Content/StarterContent/Materials/M_Metal_Rust.uasset" 324
"../../../../../../Users/sandr/Documents/Unreal Projects/MorphBall_01/Content/StarterContent/Textures/T_Metal_Gold_D.uasset" 325
"../../../../../../Users/sandr/Documents/Unreal Projects/MorphBall_01/Content/StarterContent/Materials/M_Metal_Gold.uasset" 326
"../../../../../../Users/sandr/Documents/Unreal Projects/MorphBall_01/Content/StarterContent/Materials/M_Metal_Chrome.uasset" 327
"../../../../../../Users/sandr/Documents/Unreal Projects/MorphBall_01/Content/StarterContent/Textures/T_Ground_Moss_N.uasset" 328
"../../../../../../Users/sandr/Documents/Unreal Projects/MorphBall_01/Content/StarterContent/Textures/T_ground_Moss_D.uasset" 329
"../../../../../../Users/sandr/Documents/Unreal Projects/MorphBall_01/Content/StarterContent/Materials/M_Ground_Moss.uasset" 330
"../../../../../../Users/sandr/Documents/Unreal Projects/MorphBall_01/Content/StarterContent/Textures/T_Ground_Gravel_N.uasset" 331
"../../../../../../Users/sandr/Documents/Unreal Projects/MorphBall_01/Content/StarterContent/Textures/T_Ground_Gravel_D.uasset" 332
"../../../../../../Users/sandr/Documents/Unreal Projects/MorphBall_01/Content/StarterContent/Materials/M_Ground_Gravel.uasset" 333
"../../../../../../Users/sandr/Documents/Unreal Projects/MorphBall_01/Content/StarterContent/Textures/T_Ground_Grass_N.uasset" 334
"../../../../../../Users/sandr/Documents/Unreal Projects/MorphBall_01/Content/StarterContent/Textures/T_Ground_Grass_D.uasset" 335
"../../../../../../Users/sandr/Documents/Unreal Projects/MorphBall_01/Content/StarterContent/Materials/M_Ground_Grass.uasset" 336
"../../../../../../Users/sandr/Documents/Unreal Projects/MorphBall_01/Content/StarterContent/Textures/T_Concrete_Tiles_Variation_M.uasset" 337
"../../../../../../Users/sandr/Documents/Unreal Projects/MorphBall_01/Content/StarterContent/Textures/T_Concrete_Tiles_N.uasset" 338
"../../../../../../Users/sandr/Documents/Unreal Projects/MorphBall_01/Content/StarterContent/Textures/T_Concrete_Tiles_M.uasset" 339
"../../../../../../Users/sandr/Documents/Unreal Projects/MorphBall_01/Content/StarterContent/Textures/T_Concrete_Tiles_D.uasset" 340
"../../../../../../Users/sandr/Documents/Unreal Projects/MorphBall_01/Content/StarterContent/Materials/M_Concrete_Tiles.uasset" 341
"../../../../../../Users/sandr/Documents/Unreal Projects/MorphBall_01/Content/StarterContent/Textures/T_Concrete_Panels_N.uasset" 342
"../../../../../../Users/sandr/Documents/Unreal Projects/MorphBall_01/Content/StarterContent/Textures/T_Concrete_Panels_D.uasset" 343
"../../../../../../Users/sandr/Documents/Unreal Projects/MorphBall_01/Content/StarterContent/Materials/M_Concrete_Panels.uasset" 344
"../../../../../../Users/sandr/Documents/Unreal Projects/MorphBall_01/Content/StarterContent/Textures/T_Concrete_Grime_D.uasset" 345
"../../../../../../Users/sandr/Documents/Unreal Projects/MorphBall_01/Content/StarterContent/Materials/M_Concrete_Grime.uasset" 346
"../../../../../../Users/sandr/Documents/Unreal Projects/MorphBall_01/Content/StarterContent/Textures/T_CobbleStone_Smooth_N.uasset" 347
"../../../../../../Users/sandr/Documents/Unreal Projects/MorphBall_01/Content/StarterContent/Textures/T_CobbleStone_Smooth_M.uasset" 348
"../../../../../../Users/sandr/Documents/Unreal Projects/MorphBall_01/Content/StarterContent/Textures/T_CobbleStone_Smooth_D.uasset" 349
"../../../../../../Users/sandr/Documents/Unreal Projects/MorphBall_01/Content/StarterContent/Textures/T_Rock_Smooth_Granite_D.uasset" 350
"../../../../../../Users/sandr/Documents/Unreal Projects/MorphBall_01/Content/StarterContent/Textures/T_Gradinet_01.uasset" 351
"../../../../../../Users/sandr/Documents/Unreal Projects/MorphBall_01/Content/StarterContent/Materials/M_CobbleStone_Smooth.uasset" 352
"../../../../../../Users/sandr/Documents/Unreal Projects/MorphBall_01/Content/StarterContent/Textures/T_CobbleStone_Rough_N.uasset" 353
"../../../../../../Users/sandr/Documents/Unreal Projects/MorphBall_01/Content/StarterContent/Textures/T_CobbleStone_Rough_D.uasset" 354
"../../../../../../Users/sandr/Documents/Unreal Projects/MorphBall_01/Content/StarterContent/Materials/M_CobbleStone_Rough.uasset" 355
"../../../../../../Users/sandr/Documents/Unreal Projects/MorphBall_01/Content/StarterContent/Textures/T_CobbleStone_Pebble_N.uasset" 356
"../../../../../../Users/sandr/Documents/Unreal Projects/MorphBall_01/Content/StarterContent/Textures/T_CobbleStone_Pebble_M.uasset" 357
"../../../../../../Users/sandr/Documents/Unreal Projects/MorphBall_01/Content/StarterContent/Textures/T_CobbleStone_Pebble_D.uasset" 358
"../../../../../../Users/sandr/Documents/Unreal Projects/MorphBall_01/Content/StarterContent/Materials/M_CobbleStone_Pebble.uasset" 359
"../../../../../../Users/sandr/Documents/Unreal Projects/MorphBall_01/Content/StarterContent/Textures/T_Ceramic_Tile_N.uasset" 360
"../../../../../../Users/sandr/Documents/Unreal Projects/MorphBall_01/Content/StarterContent/Textures/T_Ceramic_Tile_M.uasset" 361
"../../../../../../Users/sandr/Documents/Unreal Projects/MorphBall_01/Content/StarterContent/Materials/M_Ceramic_Tile_Checker.uasset" 362
"../../../../../../Users/sandr/Documents/Unreal Projects/MorphBall_01/Content/StarterContent/Textures/T_Brick_Hewn_Stone_N.uasset" 363
"../../../../../../Users/sandr/Documents/Unreal Projects/MorphBall_01/Content/StarterContent/Textures/T_Brick_Hewn_Stone_M.uasset" 364
"../../../../../../Users/sandr/Documents/Unreal Projects/MorphBall_01/Content/StarterContent/Textures/T_Brick_Hewn_Stone_D.uasset" 365
"../../../../../../Users/sandr/Documents/Unreal Projects/MorphBall_01/Content/StarterContent/Textures/T_Detail_Rocky_N.uasset" 366
"../../../../../../Users/sandr/Documents/Unreal Projects/MorphBall_01/Content/StarterContent/Materials/M_Brick_Hewn_Stone.uasset" 367
"../../../../../../Users/sandr/Documents/Unreal Projects/MorphBall_01/Content/StarterContent/Textures/T_Brick_Cut_Stone_N.uasset" 368
"../../../../../../Users/sandr/Documents/Unreal Projects/MorphBall_01/Content/StarterContent/Textures/T_Brick_Cut_Stone_D.uasset" 369
"../../../../../../Users/sandr/Documents/Unreal Projects/MorphBall_01/Content/StarterContent/Materials/M_Brick_Cut_Stone.uasset" 370
"../../../../../../Users/sandr/Documents/Unreal Projects/MorphBall_01/Content/StarterContent/Textures/T_Brick_Clay_Old_N.uasset" 371
"../../../../../../Users/sandr/Documents/Unreal Projects/MorphBall_01/Content/StarterContent/Textures/T_Brick_Clay_Old_D.uasset" 372
"../../../../../../Users/sandr/Documents/Unreal Projects/MorphBall_01/Content/StarterContent/Materials/M_Brick_Clay_Old.uasset" 373
"../../../../../../Users/sandr/Documents/Unreal Projects/MorphBall_01/Content/StarterContent/Textures/T_Brick_Clay_New_N.uasset" 374
"../../../../../../Users/sandr/Documents/Unreal Projects/MorphBall_01/Content/StarterContent/Textures/T_Brick_Clay_New_M.uasset" 375
"../../../../../../Users/sandr/Documents/Unreal Projects/MorphBall_01/Content/StarterContent/Textures/T_Brick_Clay_New_D.uasset" 376
"../../../../../../Users/sandr/Documents/Unreal Projects/MorphBall_01/Content/StarterContent/Materials/M_Brick_Clay_New.uasset" 377
"../../../../../../Users/sandr/Documents/Unreal Projects/MorphBall_01/Content/StarterContent/Textures/T_Brick_Clay_Beveled_N.uasset" 378
"../../../../../../Users/sandr/Documents/Unreal Projects/MorphBall_01/Content/StarterContent/Textures/T_Brick_Clay_Beveled_M.uasset" 379
"../../../../../../Users/sandr/Documents/Unreal Projects/MorphBall_01/Content/StarterContent/Textures/T_Brick_Clay_Beveled_D.uasset" 380
"../../../../../../Users/sandr/Documents/Unreal Projects/MorphBall_01/Content/StarterContent/Materials/M_Brick_Clay_Beveled.uasset" 381
"../../../Engine/Content/Functions/Engine_MaterialFunctions03/Procedurals/ComputeFilterWidth.uasset" 382
"../../../Engine/Content/EngineMaterials/AntiAliasedTextMaterialTranslucent.uasset" 383
"../../../../../../Users/sandr/Documents/Unreal Projects/MorphBall_01/Content/StarterContent/Maps/StarterMap_BuiltData.uasset" 384
"../../../../../../Users/sandr/Documents/Unreal Projects/MorphBall_01/Content/StarterContent/Textures/T_Concrete_Poured_N.uasset" 385
"../../../../../../Users/sandr/Documents/Unreal Projects/MorphBall_01/Content/StarterContent/Textures/T_Concrete_Poured_D.uasset" 386
"../../../../../../Users/sandr/Documents/Unreal Projects/MorphBall_01/Content/StarterContent/Materials/M_Concrete_Poured.uasset" 387
"../../../../../../Users/sandr/Documents/Unreal Projects/MorphBall_01/Content/StarterContent/Textures/T_Lamp_N.uasset" 388
"../../../../../../Users/sandr/Documents/Unreal Projects/MorphBall_01/Content/StarterContent/Textures/T_Lamp_M.uasset" 389
"../../../../../../Users/sandr/Documents/Unreal Projects/MorphBall_01/Content/StarterContent/Props/Materials/M_Lamp.uasset" 390
"../../../../../../Users/sandr/Documents/Unreal Projects/MorphBall_01/Content/StarterContent/Props/SM_Lamp_Wall.uasset" 391
"../../../../../../Users/sandr/Documents/Unreal Projects/MorphBall_01/Content/StarterContent/Blueprints/Blueprint_WallSconce.uasset" 392
"../../../../../../Users/sandr/Documents/Unreal Projects/MorphBall_01/Content/StarterContent/Textures/T_Smoke_Tiled_D.uasset" 393
"../../../../../../Users/sandr/Documents/Unreal Projects/MorphBall_01/Content/StarterContent/Textures/T_Smoke_SubUV.uasset" 394
"../../../../../../Users/sandr/Documents/Unreal Projects/MorphBall_01/Content/StarterContent/Particles/Materials/M_smoke_subUV.uasset" 395
"../../../../../../Users/sandr/Documents/Unreal Projects/MorphBall_01/Content/StarterContent/Particles/P_Steam_Lit.uasset" 396
"../../../../../../Users/sandr/Documents/Unreal Projects/MorphBall_01/Content/StarterContent/Audio/Steam01_Cue.uasset" 397
"../../../../../../Users/sandr/Documents/Unreal Projects/MorphBall_01/Content/StarterContent/Blueprints/Blueprint_Effect_Steam.uasset" 398
"../../../../../../Users/sandr/Documents/Unreal Projects/MorphBall_01/Content/StarterContent/Textures/T_Spark_Core.uasset" 399
"../../../../../../Users/sandr/Documents/Unreal Projects/MorphBall_01/Content/StarterContent/Particles/Materials/M_Spark.uasset" 400
"../../../Engine/Content/Functions/Engine_MaterialFunctions01/Gradient/RadialGradient.uasset" 401
"../../../../../../Users/sandr/Documents/Unreal Projects/MorphBall_01/Content/StarterContent/Particles/Materials/M_Radial_Gradient.uasset" 402
"../../../../../../Users/sandr/Documents/Unreal Projects/MorphBall_01/Content/StarterContent/Particles/P_Sparks.uasset" 403
"../../../../../../Users/sandr/Documents/Unreal Projects/MorphBall_01/Content/StarterContent/Audio/Fire_Sparks01_Cue.uasset" 404
"../../../../../../Users/sandr/Documents/Unreal Projects/MorphBall_01/Content/StarterContent/Blueprints/Blueprint_Effect_Sparks.uasset" 405
"../../../../../../Users/sandr/Documents/Unreal Projects/MorphBall_01/Content/StarterContent/Particles/P_Smoke.uasset" 406
"../../../../../../Users/sandr/Documents/Unreal Projects/MorphBall_01/Content/StarterContent/Audio/Smoke01_Cue.uasset" 407
"../../../../../../Users/sandr/Documents/Unreal Projects/MorphBall_01/Content/StarterContent/Blueprints/Blueprint_Effect_Smoke.uasset" 408
"../../../../../../Users/sandr/Documents/Unreal Projects/MorphBall_01/Content/StarterContent/Particles/Materials/M_Heat_Distortion.uasset" 409
"../../../../../../Users/sandr/Documents/Unreal Projects/MorphBall_01/Content/StarterContent/Textures/T_Fire_Tiled_D.uasset" 410
"../../../../../../Users/sandr/Documents/Unreal Projects/MorphBall_01/Content/StarterContent/Textures/T_Fire_SubUV.uasset" 411
"../../../../../../Users/sandr/Documents/Unreal Projects/MorphBall_01/Content/StarterContent/Particles/Materials/M_Fire_SubUV.uasset" 412
"../../../../../../Users/sandr/Documents/Unreal Projects/MorphBall_01/Content/StarterContent/Particles/P_Fire.uasset" 413
"../../../../../../Users/sandr/Documents/Unreal Projects/MorphBall_01/Content/StarterContent/Audio/Fire01_Cue.uasset" 414
"../../../../../../Users/sandr/Documents/Unreal Projects/MorphBall_01/Content/StarterContent/Blueprints/Blueprint_Effect_Fire.uasset" 415
"../../../../../../Users/sandr/Documents/Unreal Projects/MorphBall_01/Content/StarterContent/Props/SM_Lamp_Ceiling.uasset" 416
"../../../../../../Users/sandr/Documents/Unreal Projects/MorphBall_01/Content/StarterContent/Blueprints/Blueprint_CeilingLight.uasset" 417
"../../../../../../Users/sandr/Documents/Unreal Projects/MorphBall_01/Content/StarterContent/Audio/Starter_Music_Cue.uasset" 418
"../../../../../../Users/sandr/Documents/Unreal Projects/MorphBall_01/Content/StarterContent/Audio/Collapse_Cue.uasset" 419
"../../../../../../Users/sandr/Documents/Unreal Projects/MorphBall_01/Content/StarterContent/Architecture/Wall_Window_400x300.uasset" 420
"../../../../../../Users/sandr/Documents/Unreal Projects/MorphBall_01/Content/StarterContent/Architecture/Wall_Door_400x300.uasset" 421
"../../../../../../Users/sandr/Documents/Unreal Projects/MorphBall_01/Content/StarterContent/Architecture/Wall_400x200.uasset" 422
"../../../../../../Users/sandr/Documents/Unreal Projects/MorphBall_01/Content/StarterContent/Maps/StarterMap.umap" 423
"../../../../../../Users/sandr/Documents/Unreal Projects/MorphBall_01/Content/Blueprint/GI_Persistance.uasset" 424
"../../../../../../Users/sandr/Documents/Unreal Projects/MorphBall_01/Content/Text/Main_Menu.uasset" 425
"../../../../../../Users/sandr/Documents/Unreal Projects/MorphBall_01/Content/Text/Controls.uasset" 426
"../../../../../../Users/sandr/Documents/Unreal Projects/MorphBall_01/Content/Text/Menu_Resume.uasset" 427
"../../../../../../Users/sandr/Documents/Unreal Projects/MorphBall_01/Content/Text/Time.uasset" 428
"../../../../../../Users/sandr/Documents/Unreal Projects/MorphBall_01/Content/Text/Score.uasset" 429
"../../../../../../Users/sandr/Documents/Unreal Projects/MorphBall_01/Content/Textures/Chomp_Tex/lambert1_ORM.uasset" 430
"../../../../../../Users/sandr/Documents/Unreal Projects/MorphBall_01/Content/Textures/Chomp_Tex/lambert1_Normal.uasset" 431
"../../../../../../Users/sandr/Documents/Unreal Projects/MorphBall_01/Content/Textures/Chomp_Tex/lambert1_BaseColor.uasset" 432
"../../../../../../Users/sandr/Documents/Unreal Projects/MorphBall_01/Content/Textures/Dependencies/Blank_Normal.uasset" 433
"../../../../../../Users/sandr/Documents/Unreal Projects/MorphBall_01/Content/Textures/Dependencies/Blank_Mask.uasset" 434
"../../../../../../Users/sandr/Documents/Unreal Projects/MorphBall_01/Content/Textures/Dependencies/Blank_Base_Colour.uasset" 435
"../../../../../../Users/sandr/Documents/Unreal Projects/MorphBall_01/Content/Materials/_ORM.uasset" 436
"../../../../../../Users/sandr/Documents/Unreal Projects/MorphBall_01/Content/Materials/Chomp.uasset" 437
"../../../../../../Users/sandr/Documents/Unreal Projects/MorphBall_01/Content/Assets/Chomp.uasset" 438
"../../../../../../Users/sandr/Documents/Unreal Projects/MorphBall_01/Content/Blueprint/BP_Player.uasset" 439
"../../../../../../Users/sandr/Documents/Unreal Projects/MorphBall_01/Content/Blueprint/BP_Game_Mode.uasset" 440
"../../../../../../Users/sandr/Documents/Unreal Projects/MorphBall_01/Content/Levels/Level01_BuiltData.uasset" 441
"../../../../../../Users/sandr/Documents/Unreal Projects/MorphBall_01/Content/Textures/Coin_Tex/Coin_lambert1_OcclusionRoughnessMetallic.uasset" 442
"../../../../../../Users/sandr/Documents/Unreal Projects/MorphBall_01/Content/Textures/Coin_Tex/Coin_lambert1_Normal.uasset" 443
"../../../../../../Users/sandr/Documents/Unreal Projects/MorphBall_01/Content/Textures/Coin_Tex/Coin_lambert1_BaseColor.uasset" 444
"../../../../../../Users/sandr/Documents/Unreal Projects/MorphBall_01/Content/Materials/Coin.uasset" 445
"../../../../../../Users/sandr/Documents/Unreal Projects/MorphBall_01/Content/Assets/Coin.uasset" 446
"../../../../../../Users/sandr/Documents/Unreal Projects/MorphBall_01/Content/Blueprint/Coin_World01.uasset" 447
"../../../../../../Users/sandr/Documents/Unreal Projects/MorphBall_01/Content/Textures/Brick_Tex/lambert1_ORM.uasset" 448
"../../../../../../Users/sandr/Documents/Unreal Projects/MorphBall_01/Content/Textures/Brick_Tex/lambert1_Normal.uasset" 449
"../../../../../../Users/sandr/Documents/Unreal Projects/MorphBall_01/Content/Textures/Brick_Tex/lambert1_BaseColor.uasset" 450
"../../../../../../Users/sandr/Documents/Unreal Projects/MorphBall_01/Content/Materials/Brick.uasset" 451
"../../../../../../Users/sandr/Documents/Unreal Projects/MorphBall_01/Content/Assets/Brick.uasset" 452
"../../../../../../Users/sandr/Documents/Unreal Projects/MorphBall_01/Content/Blueprint/Bricks/Brick_Breakable_Coin_World_01.uasset" 453
"../../../../../../Users/sandr/Documents/Unreal Projects/MorphBall_01/Content/Blueprint/Bricks/Brick_Breakable_Coin_No_Shadow_World01.uasset" 454
"../../../Engine/Content/BasicShapes/Cube.uasset" 455
"../../../../../../Users/sandr/Documents/Unreal Projects/MorphBall_01/Content/Blueprint/Start_Teleport.uasset" 456
"../../../../../../Users/sandr/Documents/Unreal Projects/MorphBall_01/Content/Text/You_WIn.uasset" 457
"../../../../../../Users/sandr/Documents/Unreal Projects/MorphBall_01/Content/Text/Final_Transition.uasset" 458
"../../../../../../Users/sandr/Documents/Unreal Projects/MorphBall_01/Content/Text/Final_Time.uasset" 459
"../../../../../../Users/sandr/Documents/Unreal Projects/MorphBall_01/Content/Text/Final_Score.uasset" 460
"../../../../../../Users/sandr/Documents/Unreal Projects/MorphBall_01/Content/Text/Final_Coins.uasset" 461
"../../../../../../Users/sandr/Documents/Unreal Projects/MorphBall_01/Content/Blueprint/Next_Level.uasset" 462
"../../../../../../Users/sandr/Documents/Unreal Projects/MorphBall_01/Content/Blueprint/End_Teleporter.uasset" 463
"../../../../../../Users/sandr/Documents/Unreal Projects/MorphBall_01/Content/Text/Key.uasset" 464
"../../../../../../Users/sandr/Documents/Unreal Projects/MorphBall_01/Content/Blueprint/Locked_Door.uasset" 465
"../../../../../../Users/sandr/Documents/Unreal Projects/MorphBall_01/Content/Blueprint/Libraries/MorphBallMaze_MacroLibrary.uasset" 466
"../../../../../../Users/sandr/Documents/Unreal Projects/MorphBall_01/Content/Textures/Key_Tex/Key_lambert1_OcclusionRoughnessMetallic.uasset" 467
"../../../../../../Users/sandr/Documents/Unreal Projects/MorphBall_01/Content/Textures/Key_Tex/Key_lambert1_Normal.uasset" 468
"../../../../../../Users/sandr/Documents/Unreal Projects/MorphBall_01/Content/Textures/Key_Tex/Key_lambert1_BaseColor.uasset" 469
"../../../../../../Users/sandr/Documents/Unreal Projects/MorphBall_01/Content/Materials/Key.uasset" 470
"../../../../../../Users/sandr/Documents/Unreal Projects/MorphBall_01/Content/Assets/Key.uasset" 471
"../../../../../../Users/sandr/Documents/Unreal Projects/MorphBall_01/Content/Blueprint/Key.uasset" 472
"../../../../../../Users/sandr/Documents/Unreal Projects/MorphBall_01/Content/Textures/Flag_Pole_Tex/lambert1_ORM.uasset" 473
"../../../../../../Users/sandr/Documents/Unreal Projects/MorphBall_01/Content/Textures/Flag_Pole_Tex/lambert1_Normal.uasset" 474
"../../../../../../Users/sandr/Documents/Unreal Projects/MorphBall_01/Content/Textures/Flag_Pole_Tex/lambert1_BaseColor.uasset" 475
"../../../../../../Users/sandr/Documents/Unreal Projects/MorphBall_01/Content/Materials/Flag_Pole.uasset" 476
"../../../../../../Users/sandr/Documents/Unreal Projects/MorphBall_01/Content/Assets/Flag_Pole.uasset" 477
"../../../../../../Users/sandr/Documents/Unreal Projects/MorphBall_01/Content/Textures/Empty_Block_Tex/lambert1_ORM.uasset" 478
"../../../../../../Users/sandr/Documents/Unreal Projects/MorphBall_01/Content/Textures/Empty_Block_Tex/lambert1_Normal.uasset" 479
"../../../../../../Users/sandr/Documents/Unreal Projects/MorphBall_01/Content/Textures/Empty_Block_Tex/lambert1_BaseColor.uasset" 480
"../../../../../../Users/sandr/Documents/Unreal Projects/MorphBall_01/Content/Materials/Empty_Block.uasset" 481
"../../../../../../Users/sandr/Documents/Unreal Projects/MorphBall_01/Content/Assets/Empty_Block_Low.uasset" 482
"../../../../../../Users/sandr/Documents/Unreal Projects/MorphBall_01/Content/Blueprint/End_Level01.uasset" 483
"../../../../../../Users/sandr/Documents/Unreal Projects/MorphBall_01/Content/Blueprint/Bricks/Brick_Breakable_No_Coin_No_Shadow.uasset" 484
"../../../../../../Users/sandr/Documents/Unreal Projects/MorphBall_01/Content/Blueprint/Bricks/Brick_Breakable_No_Coin.uasset" 485
"../../../../../../Users/sandr/Documents/Unreal Projects/MorphBall_01/Content/Textures/Sky_Tex/Sky_lambert1_OcclusionRoughnessMetallic.uasset" 486
"../../../../../../Users/sandr/Documents/Unreal Projects/MorphBall_01/Content/Textures/Sky_Tex/Sky_lambert1_Normal.uasset" 487
"../../../../../../Users/sandr/Documents/Unreal Projects/MorphBall_01/Content/Textures/Sky_Tex/Sky_lambert1_BaseColor.uasset" 488
"../../../../../../Users/sandr/Documents/Unreal Projects/MorphBall_01/Content/Materials/Sky.uasset" 489
"../../../../../../Users/sandr/Documents/Unreal Projects/MorphBall_01/Content/Assets/Sky_Wall.uasset" 490
"../../../../../../Users/sandr/Documents/Unreal Projects/MorphBall_01/Content/Textures/Pipe_Tex/Pipe_Large_lambert1_OcclusionRoughnessMetallic.uasset" 491
"../../../../../../Users/sandr/Documents/Unreal Projects/MorphBall_01/Content/Textures/Pipe_Tex/Pipe_Large_lambert1_Normal.uasset" 492
"../../../../../../Users/sandr/Documents/Unreal Projects/MorphBall_01/Content/Textures/Pipe_Tex/Pipe_Large_lambert1_BaseColor.uasset" 493
"../../../../../../Users/sandr/Documents/Unreal Projects/MorphBall_01/Content/Materials/Pipe.uasset" 494
"../../../../../../Users/sandr/Documents/Unreal Projects/MorphBall_01/Content/Assets/Pipe_Large.uasset" 495
"../../../../../../Users/sandr/Documents/Unreal Projects/MorphBall_01/Content/Textures/Grass_Tex_V/Grass_lambert1_OcclusionRoughnessMetallic.uasset" 496
"../../../../../../Users/sandr/Documents/Unreal Projects/MorphBall_01/Content/Textures/Grass_Tex_V/Grass_lambert1_Normal.uasset" 497
"../../../../../../Users/sandr/Documents/Unreal Projects/MorphBall_01/Content/Textures/Grass_Tex_V/Grass_lambert1_BaseColor.uasset" 498
"../../../../../../Users/sandr/Documents/Unreal Projects/MorphBall_01/Content/Materials/Grass_Sloped_Main.uasset" 499
"../../../../../../Users/sandr/Documents/Unreal Projects/MorphBall_01/Content/Assets/Hill_Light.uasset" 500
"../../../../../../Users/sandr/Documents/Unreal Projects/MorphBall_01/Content/Textures/Grass_Tex_V/Grass_Edge_lambert1_OcclusionRoughnessMetallic.uasset" 501
"../../../../../../Users/sandr/Documents/Unreal Projects/MorphBall_01/Content/Textures/Grass_Tex_V/Grass_Edge_lambert1_Normal.uasset" 502
"../../../../../../Users/sandr/Documents/Unreal Projects/MorphBall_01/Content/Textures/Grass_Tex_V/Grass_Edge_lambert1_BaseColor.uasset" 503
"../../../../../../Users/sandr/Documents/Unreal Projects/MorphBall_01/Content/Materials/Grass_Sloped_Edge.uasset" 504
"../../../../../../Users/sandr/Documents/Unreal Projects/MorphBall_01/Content/Assets/Hill_Dark.uasset" 505
"../../../../../../Users/sandr/Documents/Unreal Projects/MorphBall_01/Content/Textures/Grass_Tex_H/Grass_lambert1_OcclusionRoughnessMetallic.uasset" 506
"../../../../../../Users/sandr/Documents/Unreal Projects/MorphBall_01/Content/Textures/Grass_Tex_H/Grass_lambert1_Normal.uasset" 507
"../../../../../../Users/sandr/Documents/Unreal Projects/MorphBall_01/Content/Textures/Grass_Tex_H/Grass_lambert1_BaseColor.uasset" 508
"../../../../../../Users/sandr/Documents/Unreal Projects/MorphBall_01/Content/Materials/Grass_Steep_Main.uasset" 509
"../../../../../../Users/sandr/Documents/Unreal Projects/MorphBall_01/Content/Textures/Grass_Tex_H/Grass_Edge_lambert1_OcclusionRoughnessMetallic.uasset" 510
"../../../../../../Users/sandr/Documents/Unreal Projects/MorphBall_01/Content/Textures/Grass_Tex_H/Grass_Edge_lambert1_Normal.uasset" 511
"../../../../../../Users/sandr/Documents/Unreal Projects/MorphBall_01/Content/Textures/Grass_Tex_H/Grass_Edge_lambert1_BaseColor.uasset" 512
"../../../../../../Users/sandr/Documents/Unreal Projects/MorphBall_01/Content/Materials/Grass_Steep_Edge.uasset" 513
"../../../../../../Users/sandr/Documents/Unreal Projects/MorphBall_01/Content/Assets/Grass_Steep.uasset" 514
"../../../../../../Users/sandr/Documents/Unreal Projects/MorphBall_01/Content/Assets/Grass_Short.uasset" 515
"../../../../../../Users/sandr/Documents/Unreal Projects/MorphBall_01/Content/Materials/Grass_Floor_Main.uasset" 516
"../../../../../../Users/sandr/Documents/Unreal Projects/MorphBall_01/Content/Materials/Grass_Floor_Edge.uasset" 517
"../../../../../../Users/sandr/Documents/Unreal Projects/MorphBall_01/Content/Textures/Dirt_Tex/Grass_lambert1_OcclusionRoughnessMetallic.uasset" 518
"../../../../../../Users/sandr/Documents/Unreal Projects/MorphBall_01/Content/Textures/Dirt_Tex/Grass_lambert1_Normal.uasset" 519
"../../../../../../Users/sandr/Documents/Unreal Projects/MorphBall_01/Content/Textures/Dirt_Tex/Grass_lambert1_BaseColor.uasset" 520
"../../../../../../Users/sandr/Documents/Unreal Projects/MorphBall_01/Content/Materials/Dirt.uasset" 521
"../../../../../../Users/sandr/Documents/Unreal Projects/MorphBall_01/Content/Assets/Grass_Floor.uasset" 522
"../../../../../../Users/sandr/Documents/Unreal Projects/MorphBall_01/Content/Textures/Cloud03_Tex/lambert1_ORM.uasset" 523
"../../../../../../Users/sandr/Documents/Unreal Projects/MorphBall_01/Content/Textures/Cloud03_Tex/lambert1_Normal.uasset" 524
"../../../../../../Users/sandr/Documents/Unreal Projects/MorphBall_01/Content/Textures/Cloud03_Tex/lambert1_BaseColor.uasset" 525
"../../../../../../Users/sandr/Documents/Unreal Projects/MorphBall_01/Content/Materials/Cloud03.uasset" 526
"../../../../../../Users/sandr/Documents/Unreal Projects/MorphBall_01/Content/Assets/Cloud_03.uasset" 527
"../../../../../../Users/sandr/Documents/Unreal Projects/MorphBall_01/Content/Textures/Cloud02_Tex/lambert1_ORM.uasset" 528
"../../../../../../Users/sandr/Documents/Unreal Projects/MorphBall_01/Content/Textures/Cloud02_Tex/lambert1_Normal.uasset" 529
"../../../../../../Users/sandr/Documents/Unreal Projects/MorphBall_01/Content/Textures/Cloud02_Tex/lambert1_BaseColor.uasset" 530
"../../../../../../Users/sandr/Documents/Unreal Projects/MorphBall_01/Content/Materials/Cloud02.uasset" 531
"../../../../../../Users/sandr/Documents/Unreal Projects/MorphBall_01/Content/Assets/Cloud_02.uasset" 532
"../../../../../../Users/sandr/Documents/Unreal Projects/MorphBall_01/Content/Textures/Cloud01_Tex/lambert1_ORM.uasset" 533
"../../../../../../Users/sandr/Documents/Unreal Projects/MorphBall_01/Content/Textures/Cloud01_Tex/lambert1_Normal.uasset" 534
"../../../../../../Users/sandr/Documents/Unreal Projects/MorphBall_01/Content/Textures/Cloud01_Tex/lambert1_BaseColor.uasset" 535
"../../../../../../Users/sandr/Documents/Unreal Projects/MorphBall_01/Content/Materials/Cloud01.uasset" 536
"../../../../../../Users/sandr/Documents/Unreal Projects/MorphBall_01/Content/Assets/Cloud_01.uasset" 537
"../../../../../../Users/sandr/Documents/Unreal Projects/MorphBall_01/Content/Textures/Castle_Tex/Castle_lambert1_OcclusionRoughnessMetallic.uasset" 538
"../../../../../../Users/sandr/Documents/Unreal Projects/MorphBall_01/Content/Textures/Castle_Tex/Castle_lambert1_Normal.uasset" 539
"../../../../../../Users/sandr/Documents/Unreal Projects/MorphBall_01/Content/Textures/Castle_Tex/Castle_lambert1_BaseColor.uasset" 540
"../../../../../../Users/sandr/Documents/Unreal Projects/MorphBall_01/Content/Materials/Castle.uasset" 541
"../../../../../../Users/sandr/Documents/Unreal Projects/MorphBall_01/Content/Assets/Castle.uasset" 542
"../../../../../../Users/sandr/Documents/Unreal Projects/MorphBall_01/Content/Textures/Bush01_Tex/lambert1_ORM.uasset" 543
"../../../../../../Users/sandr/Documents/Unreal Projects/MorphBall_01/Content/Textures/Bush01_Tex/lambert1_Normal.uasset" 544
"../../../../../../Users/sandr/Documents/Unreal Projects/MorphBall_01/Content/Textures/Bush01_Tex/lambert1_BaseColor.uasset" 545
"../../../../../../Users/sandr/Documents/Unreal Projects/MorphBall_01/Content/Materials/Bush01.uasset" 546
"../../../../../../Users/sandr/Documents/Unreal Projects/MorphBall_01/Content/Assets/Bush_01.uasset" 547
"../../../../../../Users/sandr/Documents/Unreal Projects/MorphBall_01/Content/Assets/Black_Pipe.uasset" 548
"../../../../../../Users/sandr/Documents/Unreal Projects/MorphBall_01/Content/Levels/Level01.umap" 549
"../../../../../../Users/sandr/Documents/Unreal Projects/MorphBall_01/Content/Levels/Level02_BuiltData.uasset" 550
"../../../../../../Users/sandr/Documents/Unreal Projects/MorphBall_01/Content/Textures/Grass_Sloped_Tex/Grass_lambert1_OcclusionRoughnessMetallic_-_Copy.uasset" 551
"../../../../../../Users/sandr/Documents/Unreal Projects/MorphBall_01/Content/Textures/Grass_Sloped_Tex/Grass_Edge_lambert1_Normal.uasset" 552
"../../../../../../Users/sandr/Documents/Unreal Projects/MorphBall_01/Content/Textures/Grass_Sloped_Tex/Grass_Edge_lambert1_BaseColor.uasset" 553
"../../../../../../Users/sandr/Documents/Unreal Projects/MorphBall_01/Content/Materials/Grass_Sloped_Bottom_Edge.uasset" 554
"../../../../../../Users/sandr/Documents/Unreal Projects/MorphBall_01/Content/Textures/Mushroom_Tex/lambert1_ORM.uasset" 555
"../../../../../../Users/sandr/Documents/Unreal Projects/MorphBall_01/Content/Textures/Mushroom_Tex/lambert1_Normal.uasset" 556
"../../../../../../Users/sandr/Documents/Unreal Projects/MorphBall_01/Content/Textures/Mushroom_Tex/lambert1_BaseColor.uasset" 557
"../../../../../../Users/sandr/Documents/Unreal Projects/MorphBall_01/Content/Materials/Mushroom.uasset" 558
"../../../../../../Users/sandr/Documents/Unreal Projects/MorphBall_01/Content/Assets/Mushroom.uasset" 559
"../../../../../../Users/sandr/Documents/Unreal Projects/MorphBall_01/Content/Blueprint/Mushroom.uasset" 560
"../../../../../../Users/sandr/Documents/Unreal Projects/MorphBall_01/Content/Blueprint/Empty_Block.uasset" 561
"../../../../../../Users/sandr/Documents/Unreal Projects/MorphBall_01/Content/Textures/Question_Block_Tex/Question_Block_Low_lambert1_OcclusionRoughnessMetallic.uasset" 562
"../../../../../../Users/sandr/Documents/Unreal Projects/MorphBall_01/Content/Textures/Question_Block_Tex/Question_Block_Low_lambert1_Normal.uasset" 563
"../../../../../../Users/sandr/Documents/Unreal Projects/MorphBall_01/Content/Textures/Question_Block_Tex/Question_Block_Low_lambert1_BaseColor.uasset" 564
"../../../../../../Users/sandr/Documents/Unreal Projects/MorphBall_01/Content/Materials/Question_Block.uasset" 565
"../../../../../../Users/sandr/Documents/Unreal Projects/MorphBall_01/Content/Assets/Question_Block_Low.uasset" 566
"../../../../../../Users/sandr/Documents/Unreal Projects/MorphBall_01/Content/Blueprint/Question_Block.uasset" 567
"../../../../../../Users/sandr/Documents/Unreal Projects/MorphBall_01/Content/Text/Goomba_Death.uasset" 568
"../../../../../../Users/sandr/Documents/Unreal Projects/MorphBall_01/Content/Textures/Goomba_Tex/lambert1_ORM.uasset" 569
"../../../../../../Users/sandr/Documents/Unreal Projects/MorphBall_01/Content/Textures/Goomba_Tex/lambert1_Normal.uasset" 570
"../../../../../../Users/sandr/Documents/Unreal Projects/MorphBall_01/Content/Textures/Goomba_Tex/lambert1_BaseColor.uasset" 571
"../../../../../../Users/sandr/Documents/Unreal Projects/MorphBall_01/Content/Materials/Goomba.uasset" 572
"../../../../../../Users/sandr/Documents/Unreal Projects/MorphBall_01/Content/Assets/Goomba.uasset" 573
"../../../../../../Users/sandr/Documents/Unreal Projects/MorphBall_01/Content/Blueprint/Goomba_No_Movement_World_02.uasset" 574
"../../../../../../Users/sandr/Documents/Unreal Projects/MorphBall_01/Content/Blueprint/Goomba_World_02.uasset" 575
"../../../../../../Users/sandr/Documents/Unreal Projects/MorphBall_01/Content/Blueprint/End_Level02.uasset" 576
"../../../../../../Users/sandr/Documents/Unreal Projects/MorphBall_01/Content/Blueprint/Coin_World02.uasset" 577
"../../../../../../Users/sandr/Documents/Unreal Projects/MorphBall_01/Content/Blueprint/Bricks/Brick_Breakable_Coin_World_02.uasset" 578
"../../../../../../Users/sandr/Documents/Unreal Projects/MorphBall_01/Content/Textures/Grass_Sloped_Tex/Grass_lambert1_OcclusionRoughnessMetallic.uasset" 579
"../../../../../../Users/sandr/Documents/Unreal Projects/MorphBall_01/Content/Textures/Grass_Sloped_Tex/Grass_lambert1_Normal.uasset" 580
"../../../../../../Users/sandr/Documents/Unreal Projects/MorphBall_01/Content/Textures/Grass_Sloped_Tex/Grass_lambert1_BaseColor.uasset" 581
"../../../../../../Users/sandr/Documents/Unreal Projects/MorphBall_01/Content/Materials/Grass_Sloped_Bottom_Main.uasset" 582
"../../../../../../Users/sandr/Documents/Unreal Projects/MorphBall_01/Content/Assets/Grass_Steep_Bottom.uasset" 583
"../../../../../../Users/sandr/Documents/Unreal Projects/MorphBall_01/Content/Assets/Grass_Half.uasset" 584
"../../../../../../Users/sandr/Documents/Unreal Projects/MorphBall_01/Content/Assets/Grass_Floor_Cube.uasset" 585
"../../../../../../Users/sandr/Documents/Unreal Projects/MorphBall_01/Content/Assets/Dirt_Wall.uasset" 586
"../../../../../../Users/sandr/Documents/Unreal Projects/MorphBall_01/Content/Textures/Bush03_Tex/lambert1_ORM.uasset" 587
"../../../../../../Users/sandr/Documents/Unreal Projects/MorphBall_01/Content/Textures/Bush03_Tex/lambert1_Normal.uasset" 588
"../../../../../../Users/sandr/Documents/Unreal Projects/MorphBall_01/Content/Textures/Bush03_Tex/lambert1_BaseColor.uasset" 589
"../../../../../../Users/sandr/Documents/Unreal Projects/MorphBall_01/Content/Materials/Bush03.uasset" 590
"../../../../../../Users/sandr/Documents/Unreal Projects/MorphBall_01/Content/Assets/Bush_03.uasset" 591
"../../../../../../Users/sandr/Documents/Unreal Projects/MorphBall_01/Content/Levels/Level02.umap" 592
"../../../../../../Users/sandr/Documents/Unreal Projects/MorphBall_01/Content/Levels/Level03_BuiltData.uasset" 593
"../../../../../../Users/sandr/Documents/Unreal Projects/MorphBall_01/Content/Blueprint/Coin_World03.uasset" 594
"../../../../../../Users/sandr/Documents/Unreal Projects/MorphBall_01/Content/Blueprint/Bricks/Brick_Breakable_Coin_World_03.uasset" 595
"../../../../../../Users/sandr/Documents/Unreal Projects/MorphBall_01/Content/Blueprint/Goomba_World_03.uasset" 596
"../../../../../../Users/sandr/Documents/Unreal Projects/MorphBall_01/Content/Blueprint/Goomba_No_Movement_World_03.uasset" 597
"../../../../../../Users/sandr/Documents/Unreal Projects/MorphBall_01/Content/Text/Return_To_World_01.uasset" 598
"../../../../../../Users/sandr/Documents/Unreal Projects/MorphBall_01/Content/Blueprint/Final_Decision.uasset" 599
"../../../../../../Users/sandr/Documents/Unreal Projects/MorphBall_01/Content/Textures/Dark_Brick_Tex/Grass_lambert1_OcclusionRoughnessMetallic.uasset" 600
"../../../../../../Users/sandr/Documents/Unreal Projects/MorphBall_01/Content/Textures/Dark_Brick_Tex/Grass_lambert1_Normal.uasset" 601
"../../../../../../Users/sandr/Documents/Unreal Projects/MorphBall_01/Content/Textures/Dark_Brick_Tex/Grass_lambert1_BaseColor.uasset" 602
"../../../../../../Users/sandr/Documents/Unreal Projects/MorphBall_01/Content/Materials/Dark_Brick.uasset" 603
"../../../../../../Users/sandr/Documents/Unreal Projects/MorphBall_01/Content/Textures/Brick_Floor_Tex/Grass_lambert1_OcclusionRoughnessMetallic.uasset" 604
"../../../../../../Users/sandr/Documents/Unreal Projects/MorphBall_01/Content/Textures/Brick_Floor_Tex/Grass_lambert1_Normal.uasset" 605
"../../../../../../Users/sandr/Documents/Unreal Projects/MorphBall_01/Content/Textures/Brick_Floor_Tex/Grass_lambert1_BaseColor.uasset" 606
"../../../../../../Users/sandr/Documents/Unreal Projects/MorphBall_01/Content/Materials/Brick_Floor_Scaled.uasset" 607
"../../../../../../Users/sandr/Documents/Unreal Projects/MorphBall_01/Content/Assets/Brick_Floor_Cube.uasset" 608
"../../../../../../Users/sandr/Documents/Unreal Projects/MorphBall_01/Content/Blueprint/Final_Pillar.uasset" 609
"../../../../../../Users/sandr/Documents/Unreal Projects/MorphBall_01/Content/Assets/Brick_Pillar_Bottom.uasset" 610
"../../../../../../Users/sandr/Documents/Unreal Projects/MorphBall_01/Content/Blueprint/Final_Pillar_Under.uasset" 611
"../../../../../../Users/sandr/Documents/Unreal Projects/MorphBall_01/Content/Blueprint/End_Level03.uasset" 612
"../../../../../../Users/sandr/Documents/Unreal Projects/MorphBall_01/Content/Text/Fall_Death.uasset" 613
"../../../../../../Users/sandr/Documents/Unreal Projects/MorphBall_01/Content/Blueprint/BP_Restart_LVL_Trigger.uasset" 614
"../../../../../../Users/sandr/Documents/Unreal Projects/MorphBall_01/Content/Assets/Pipe_Large_Hole.uasset" 615
"../../../../../../Users/sandr/Documents/Unreal Projects/MorphBall_01/Content/Textures/Lava_Tex/Grass_lambert1_OcclusionRoughnessMetallic.uasset" 616
"../../../../../../Users/sandr/Documents/Unreal Projects/MorphBall_01/Content/Textures/Lava_Tex/Grass_lambert1_Normal.uasset" 617
"../../../../../../Users/sandr/Documents/Unreal Projects/MorphBall_01/Content/Textures/Lava_Tex/Grass_lambert1_BaseColor.uasset" 618
"../../../../../../Users/sandr/Documents/Unreal Projects/MorphBall_01/Content/Materials/Lava_Emmisive.uasset" 619
"../../../../../../Users/sandr/Documents/Unreal Projects/MorphBall_01/Content/Assets/Lava.uasset" 620
"../../../../../../Users/sandr/Documents/Unreal Projects/MorphBall_01/Content/Assets/Brick_Wall.uasset" 621
"../../../../../../Users/sandr/Documents/Unreal Projects/MorphBall_01/Content/Assets/Brick_Steep_Bottom.uasset" 622
"../../../../../../Users/sandr/Documents/Unreal Projects/MorphBall_01/Content/Materials/Dark_Brick_Scaled.uasset" 623
"../../../../../../Users/sandr/Documents/Unreal Projects/MorphBall_01/Content/Materials/Brick_Floor.uasset" 624
"../../../../../../Users/sandr/Documents/Unreal Projects/MorphBall_01/Content/Assets/Brick_Floor.uasset" 625
"../../../../../../Users/sandr/Documents/Unreal Projects/MorphBall_01/Content/Levels/Level03.umap" 626
"../../../../../../Users/sandr/Documents/Unreal Projects/MorphBall_01/Content/Levels/Main_Menu_BuiltData.uasset" 627
"../../../../../../Users/sandr/Documents/Unreal Projects/MorphBall_01/Content/Levels/Main_Menu.umap" 628
"../../../Engine/Content/Maps/Entry_BuiltData.uasset" 629
"../../../Engine/Content/Maps/Entry.umap" 630
